0 info it worked if it ends with ok
1 verbose cli [ '/usr/bin/node', '/usr/bin/npm', 'install' ]
2 info using npm@1.4.28
3 info using node@v0.10.33
4 verbose node symlink /usr/bin/node
5 warn package.json @ No description
6 warn package.json @ No repository field.
7 warn package.json @ No README data
8 verbose readDependencies using package.json deps
9 verbose install where, deps [ '/home/takuya/Development/Eagle', [ 'cheerio-httpcli' ] ]
10 info preinstall @
11 verbose readDependencies using package.json deps
12 verbose already installed skipping cheerio-httpcli@* /home/takuya/Development/Eagle
13 silly resolved []
14 info build /home/takuya/Development/Eagle
15 verbose linkStuff [ false, false, false, '/home/takuya/Development' ]
16 info linkStuff @
17 verbose linkBins @
18 verbose linkMans @
19 verbose rebuildBundles @
20 verbose rebuildBundles [ '.bin',
20 verbose rebuildBundles   'cheerio-httpcli',
20 verbose rebuildBundles   'date-utils',
20 verbose rebuildBundles   'dateformat',
20 verbose rebuildBundles   'request' ]
21 verbose rebuild bundle /home/takuya/Development/Eagle/node_modules/date-utils
22 info build /home/takuya/Development/Eagle/node_modules/date-utils
23 info preinstall date-utils@1.2.16
24 verbose linkStuff [ false,
24 verbose linkStuff   false,
24 verbose linkStuff   false,
24 verbose linkStuff   '/home/takuya/Development/Eagle/node_modules' ]
25 info linkStuff date-utils@1.2.16
26 verbose linkBins date-utils@1.2.16
27 verbose linkMans date-utils@1.2.16
28 verbose rebuildBundles date-utils@1.2.16
29 info install date-utils@1.2.16
30 info postinstall date-utils@1.2.16
31 verbose rebuild bundle /home/takuya/Development/Eagle/node_modules/dateformat
32 info build /home/takuya/Development/Eagle/node_modules/dateformat
33 info preinstall dateformat@1.0.11
34 verbose linkStuff [ false,
34 verbose linkStuff   false,
34 verbose linkStuff   false,
34 verbose linkStuff   '/home/takuya/Development/Eagle/node_modules' ]
35 info linkStuff dateformat@1.0.11
36 verbose linkBins dateformat@1.0.11
37 verbose link bins [ { dateformat: 'bin/cli.js' },
37 verbose link bins   '/home/takuya/Development/Eagle/node_modules/.bin',
37 verbose link bins   false ]
38 verbose linkMans dateformat@1.0.11
39 verbose rebuildBundles dateformat@1.0.11
40 verbose rebuildBundles [ 'get-stdin', 'meow' ]
41 error Error: EACCES, unlink '/home/takuya/Development/Eagle/node_modules/.bin/dateformat'
41 error  { [Error: EACCES, unlink '/home/takuya/Development/Eagle/node_modules/.bin/dateformat']
41 error   errno: 3,
41 error   code: 'EACCES',
41 error   path: '/home/takuya/Development/Eagle/node_modules/.bin/dateformat' }
42 error Please try running this command again as root/Administrator.
43 error System Linux 3.13.0-44-generic
44 error command "/usr/bin/node" "/usr/bin/npm" "install"
45 error cwd /home/takuya/Development/Eagle
46 error node -v v0.10.33
47 error npm -v 1.4.28
48 error path /home/takuya/Development/Eagle/node_modules/.bin/dateformat
49 error code EACCES
50 error errno 3
51 error stack Error: EACCES, unlink '/home/takuya/Development/Eagle/node_modules/.bin/dateformat'
52 verbose exit [ 3, true ]
